2015-02-16T04:48:22.714902+00:00 heroku[router]: at=error code=H10 desc="App crashed" method=GET path="/" host=prezzy.herokuapp.com request_id=7a7f4f58-25f1-4d3a-bb50-6365b2b651c8 fwd="70.25.6.98" dyno= connect= service= status=503 bytes=
2015-02-16T04:55:21.530086+00:00 heroku[web.1]: State changed from crashed to starting
2015-02-16T04:55:25.443656+00:00 heroku[web.1]: Starting process with command `python president/game.py`
2015-02-16T04:55:27.491204+00:00 app[web.1]: Traceback (most recent call last):
2015-02-16T04:55:27.491301+00:00 app[web.1]:   File "build/bdist.linux-x86_64/egg/pkg_resources/__init__.py", line 396, in get_provider
2015-02-16T04:55:27.491283+00:00 app[web.1]:     provider = get_provider(package_name)
2015-02-16T04:55:27.491889+00:00 app[web.1]:     class EchoWebSocket(tornado.websocket.WebSocketHandler):
2015-02-16T04:55:27.491853+00:00 app[web.1]:     
2015-02-16T04:55:27.491914+00:00 app[web.1]: NameError: name 'tornado' is not defined
2015-02-16T04:55:27.491860+00:00 app[web.1]:   File "/app/president/game.py", line 15, in <module>
2015-02-16T04:55:27.491219+00:00 app[web.1]:   File "president/game.py", line 12, in <module>
2015-02-16T04:55:27.491225+00:00 app[web.1]:     env = Environment(loader=PackageLoader('game', 'templates'))
2015-02-16T04:55:27.491226+00:00 app[web.1]:   File "/app/.heroku/python/lib/python2.7/site-packages/jinja2/loaders.py", line 214, in __init__
2015-02-16T04:55:28.406544+00:00 heroku[web.1]: Process exited with status 1
2015-02-16T04:55:28.421082+00:00 heroku[web.1]: State changed from starting to crashed
2015-02-16T05:02:03.140427+00:00 heroku[router]: at=error code=H10 desc="App crashed" method=GET path="/" host=prezzy.herokuapp.com request_id=0e0ea39f-142e-4c54-b14b-4e09ba61db16 fwd="70.25.6.98" dyno= connect= service= status=503 bytes=
2015-02-16T05:03:32.442009+00:00 heroku[router]: at=error code=H10 desc="App crashed" method=GET path="/" host=prezzy.herokuapp.com request_id=c572f150-6b41-4c2a-b366-016632948359 fwd="70.25.6.99" dyno= connect= service= status=503 bytes=
2015-02-16T05:04:49.481067+00:00 heroku[api]: Release v22 created by rlsantos@uwaterloo.ca
2015-02-16T05:04:49.481067+00:00 heroku[api]: Deploy c3f19e3 by rlsantos@uwaterloo.ca
2015-02-16T05:04:49.560632+00:00 heroku[web.1]: State changed from crashed to starting
2015-02-16T05:04:53.146168+00:00 heroku[web.1]: Starting process with command `python president/game.py`
2015-02-16T05:04:55.052227+00:00 app[web.1]: Traceback (most recent call last):
2015-02-16T05:04:55.052245+00:00 app[web.1]:   File "president/game.py", line 13, in <module>
2015-02-16T05:04:55.052255+00:00 app[web.1]:   File "/app/.heroku/python/lib/python2.7/site-packages/jinja2/loaders.py", line 214, in __init__
2015-02-16T05:04:55.052252+00:00 app[web.1]:     env = Environment(loader=PackageLoader('game', 'templates'))
2015-02-16T05:04:55.052320+00:00 app[web.1]:     provider = get_provider(package_name)
2015-02-16T05:04:55.052344+00:00 app[web.1]:   File "build/bdist.linux-x86_64/egg/pkg_resources/__init__.py", line 396, in get_provider
2015-02-16T05:04:55.052902+00:00 app[web.1]:     
2015-02-16T05:04:55.052909+00:00 app[web.1]:   File "/app/president/game.py", line 16, in <module>
2015-02-16T05:04:55.052945+00:00 app[web.1]:     class EchoWebSocket(tornado.websocket.WebSocketHandler):
2015-02-16T05:04:55.052971+00:00 app[web.1]: NameError: name 'tornado' is not defined
2015-02-16T05:04:55.758394+00:00 heroku[web.1]: Process exited with status 1
2015-02-16T05:04:55.780260+00:00 heroku[web.1]: State changed from starting to crashed
2015-02-16T05:05:06.843485+00:00 heroku[router]: at=error code=H10 desc="App crashed" method=GET path="/" host=prezzy.herokuapp.com request_id=72b88581-3b4f-4b99-b231-402904ef45e3 fwd="70.25.6.99" dyno= connect= service= status=503 bytes=
2015-02-16T05:05:46.619551+00:00 heroku[router]: at=error code=H10 desc="App crashed" method=GET path="/" host=prezzy.herokuapp.com request_id=2333c28c-7658-4141-977b-7d021945be62 fwd="70.25.6.98" dyno= connect= service= status=503 bytes=
2015-02-16T05:06:27.300456+00:00 heroku[router]: at=error code=H10 desc="App crashed" method=GET path="/" host=prezzy.herokuapp.com request_id=113472d9-95c3-4e92-9abf-85d51e5633bb fwd="70.25.6.99" dyno= connect= service= status=503 bytes=
2015-02-16T05:06:45.420697+00:00 heroku[router]: at=error code=H10 desc="App crashed" method=GET path="/" host=prezzy.herokuapp.com request_id=9e938d1a-77f0-4299-af5c-aec05d221951 fwd="192.0.202.168" dyno= connect= service= status=503 bytes=
2015-02-16T05:07:48.365549+00:00 heroku[router]: at=error code=H10 desc="App crashed" method=GET path="/" host=prezzy.herokuapp.com request_id=2178b7c7-e172-4f46-83f3-9cd6ef4f857a fwd="70.25.6.99" dyno= connect= service= status=503 bytes=
2015-02-16T05:07:54.827853+00:00 heroku[router]: at=error code=H10 desc="App crashed" method=GET path="/" host=prezzy.herokuapp.com request_id=b0649044-1d79-4aa0-8ec5-5511fb1ec63a fwd="70.25.6.99" dyno= connect= service= status=503 bytes=
2015-02-16T05:09:36.071582+00:00 heroku[router]: at=error code=H10 desc="App crashed" method=GET path="/" host=prezzy.herokuapp.com request_id=873d54d1-163a-40cc-b5b8-cc10f80b536c fwd="70.25.6.98" dyno= connect= service= status=503 bytes=
2015-02-16T05:09:36.950421+00:00 heroku[router]: at=error code=H10 desc="App crashed" method=GET path="/" host=prezzy.herokuapp.com request_id=5846eb25-1687-49bc-b4f8-79a0a4c04c2d fwd="70.25.6.99" dyno= connect= service= status=503 bytes=
2015-02-16T05:09:37.785734+00:00 heroku[router]: at=error code=H10 desc="App crashed" method=GET path="/" host=prezzy.herokuapp.com request_id=319dd8d4-7117-4b9d-8eb1-6324216b7e4d fwd="70.25.6.98" dyno= connect= service= status=503 bytes=
2015-02-16T05:10:18.670173+00:00 heroku[web.1]: State changed from crashed to starting
2015-02-16T05:10:22.195006+00:00 heroku[web.1]: Starting process with command `python president/game.py`
2015-02-16T05:10:23.800169+00:00 app[web.1]: Traceback (most recent call last):
2015-02-16T05:10:23.800191+00:00 app[web.1]:   File "president/game.py", line 13, in <module>
2015-02-16T05:10:23.800818+00:00 app[web.1]:     
2015-02-16T05:10:23.800259+00:00 app[web.1]:     provider = get_provider(package_name)
2015-02-16T05:10:23.800201+00:00 app[web.1]:   File "/app/.heroku/python/lib/python2.7/site-packages/jinja2/loaders.py", line 214, in __init__
2015-02-16T05:10:23.800841+00:00 app[web.1]:   File "/app/president/game.py", line 16, in <module>
2015-02-16T05:10:23.800199+00:00 app[web.1]:     env = Environment(loader=PackageLoader('game', 'templates'))
2015-02-16T05:10:23.800896+00:00 app[web.1]: NameError: name 'tornado' is not defined
2015-02-16T05:10:23.800867+00:00 app[web.1]:     class EchoWebSocket(tornado.websocket.WebSocketHandler):
2015-02-16T05:10:23.800281+00:00 app[web.1]:   File "build/bdist.linux-x86_64/egg/pkg_resources/__init__.py", line 396, in get_provider
2015-02-16T05:10:24.504439+00:00 heroku[web.1]: Process exited with status 1
2015-02-16T05:10:24.518482+00:00 heroku[web.1]: State changed from starting to crashed
2015-02-16T05:10:24.519128+00:00 heroku[web.1]: State changed from crashed to starting
2015-02-16T05:10:29.330060+00:00 heroku[web.1]: Starting process with command `python president/game.py`
2015-02-16T05:10:31.282437+00:00 app[web.1]: Traceback (most recent call last):
2015-02-16T05:10:31.282453+00:00 app[web.1]:   File "president/game.py", line 13, in <module>
2015-02-16T05:10:31.282460+00:00 app[web.1]:     env = Environment(loader=PackageLoader('game', 'templates'))
2015-02-16T05:10:31.282462+00:00 app[web.1]:   File "/app/.heroku/python/lib/python2.7/site-packages/jinja2/loaders.py", line 214, in __init__
2015-02-16T05:10:31.282516+00:00 app[web.1]:     provider = get_provider(package_name)
2015-02-16T05:10:31.282534+00:00 app[web.1]:   File "build/bdist.linux-x86_64/egg/pkg_resources/__init__.py", line 396, in get_provider
2015-02-16T05:10:31.282994+00:00 app[web.1]:     
2015-02-16T05:10:31.283032+00:00 app[web.1]:     class EchoWebSocket(tornado.websocket.WebSocketHandler):
2015-02-16T05:10:31.283008+00:00 app[web.1]:   File "/app/president/game.py", line 16, in <module>
2015-02-16T05:10:31.283057+00:00 app[web.1]: NameError: name 'tornado' is not defined
2015-02-16T05:10:32.042185+00:00 heroku[web.1]: Process exited with status 1
2015-02-16T05:10:32.060043+00:00 heroku[web.1]: State changed from starting to crashed
2015-02-16T05:10:34.249278+00:00 heroku[router]: at=error code=H10 desc="App crashed" method=GET path="/" host=prezzy.herokuapp.com request_id=acdcedf7-2f08-4870-ae2f-760122d1244f fwd="70.25.6.98" dyno= connect= service= status=503 bytes=
2015-02-16T05:14:30.326733+00:00 heroku[router]: at=error code=H10 desc="App crashed" method=GET path="/" host=prezzy.herokuapp.com request_id=501f6fcd-e976-4770-9198-307773d956bc fwd="70.25.6.98" dyno= connect= service= status=503 bytes=
2015-02-16T05:36:51.786304+00:00 heroku[api]: Deploy a16553d by rlsantos@uwaterloo.ca
2015-02-16T05:36:51.786304+00:00 heroku[api]: Release v23 created by rlsantos@uwaterloo.ca
2015-02-16T05:36:51.916914+00:00 heroku[web.1]: State changed from crashed to starting
2015-02-16T05:36:56.549636+00:00 heroku[web.1]: Starting process with command `python president/server.py`
2015-02-16T05:36:58.663621+00:00 app[web.1]: Traceback (most recent call last):
2015-02-16T05:36:58.663639+00:00 app[web.1]:   File "president/server.py", line 10, in <module>
2015-02-16T05:36:58.663707+00:00 app[web.1]:     from app.websocket import WSHandler
2015-02-16T05:36:58.663710+00:00 app[web.1]: ImportError: No module named app.websocket
2015-02-16T05:36:59.620038+00:00 heroku[web.1]: State changed from starting to crashed
2015-02-16T05:36:59.620230+00:00 heroku[web.1]: State changed from crashed to starting
2015-02-16T05:36:59.602548+00:00 heroku[web.1]: Process exited with status 1
2015-02-16T05:37:04.317585+00:00 heroku[web.1]: Starting process with command `python president/server.py`
2015-02-16T05:37:06.808777+00:00 app[web.1]: Traceback (most recent call last):
2015-02-16T05:37:06.808794+00:00 app[web.1]:   File "president/server.py", line 10, in <module>
2015-02-16T05:37:06.808801+00:00 app[web.1]:     from app.websocket import WSHandler
2015-02-16T05:37:06.808852+00:00 app[web.1]: ImportError: No module named app.websocket
2015-02-16T05:37:07.714086+00:00 heroku[web.1]: Process exited with status 1
2015-02-16T05:37:07.731267+00:00 heroku[web.1]: State changed from starting to crashed
2015-02-16T05:37:55.001849+00:00 heroku[router]: at=error code=H10 desc="App crashed" method=GET path="/" host=prezzy.herokuapp.com request_id=c5485707-0cac-4d65-aac8-e247a0ce05c3 fwd="70.25.6.99" dyno= connect= service= status=503 bytes=
2015-02-16T05:37:58.351120+00:00 heroku[router]: at=error code=H10 desc="App crashed" method=GET path="/" host=prezzy.herokuapp.com request_id=2ea0a57c-d7b4-4bb9-8b97-89ab08f84086 fwd="70.25.6.98" dyno= connect= service= status=503 bytes=
2015-02-16T05:38:10.532566+00:00 heroku[web.1]: State changed from crashed to starting
2015-02-16T05:38:15.196472+00:00 heroku[web.1]: Starting process with command `python president/server.py`
2015-02-16T05:38:17.235007+00:00 app[web.1]:   File "president/server.py", line 10, in <module>
2015-02-16T05:38:17.234988+00:00 app[web.1]: Traceback (most recent call last):
2015-02-16T05:38:17.235015+00:00 app[web.1]:     from app.websocket import WSHandler
2015-02-16T05:38:17.235021+00:00 app[web.1]: ImportError: No module named app.websocket
2015-02-16T05:38:18.001679+00:00 heroku[web.1]: State changed from starting to crashed
2015-02-16T05:38:17.988839+00:00 heroku[web.1]: Process exited with status 1
2015-02-16T05:41:06.965710+00:00 heroku[router]: at=error code=H10 desc="App crashed" method=GET path="/" host=prezzy.herokuapp.com request_id=3fa0233c-3834-40b6-9945-91b0dfd788f4 fwd="70.25.6.98" dyno= connect= service= status=503 bytes=
